<?xml version="1.0" encoding="UTF-8"?>
<testsuite name="BaseballGameTest" tests="1" skipped="0" failures="0" errors="0" timestamp="2021-04-27T10:20:51" hostname="bagjuhyeong-ui-MacBookPro-2.local" time="0.047">
  <properties/>
  <testcase name="랜덤숫자 뽑아내기" classname="BaseballGameTest" time="0.047"/>
  <system-out><![CDATA[971
]]></system-out>
  <system-err><![CDATA[]]></system-err>
</testsuite>
