<?xml version="1.0" encoding="UTF-8"?>
<testsuite name="BaseballGameTest" tests="5" skipped="0" failures="0" errors="0" timestamp="2021-04-27T11:32:35" hostname="bagjuhyeong-ui-MacBookPro-2.local" time="0.071">
  <properties/>
  <testcase name="[1] 123, 1, 0" classname="BaseballGameTest" time="0.056"/>
  <testcase name="[2] 352, 0, 0" classname="BaseballGameTest" time="0.002"/>
  <testcase name="[3] 872, 0, 1" classname="BaseballGameTest" time="0.002"/>
  <testcase name="[4] 192, 2, 0" classname="BaseballGameTest" time="0.002"/>
  <testcase name="[5] 178, 2, 0" classname="BaseballGameTest" time="0.003"/>
  <system-out><![CDATA[==== 1
*** 1
####0
*** 1
*** 1
==== 9
*** 2
*** 2
*** 2
==== 8
*** 3
*** 3
*** 3
------
1
1
------
==== 1
*** 3
*** 3
*** 3
==== 9
*** 5
*** 5
*** 5
==== 8
*** 2
*** 2
*** 2
------
0
0
------
==== 1
*** 8
*** 8
*** 8
==== 9
*** 7
*** 7
*** 7
==== 8
*** 2
+++++0
*** 2
*** 2
------
0
0
------
==== 1
*** 1
####0
*** 1
*** 1
==== 9
*** 9
*** 9
####1
*** 9
==== 8
*** 2
*** 2
*** 2
------
2
2
------
==== 1
*** 1
####0
*** 1
*** 1
==== 9
*** 7
*** 7
*** 7
==== 8
*** 8
*** 8
*** 8
####1
------
2
2
------
]]></system-out>
  <system-err><![CDATA[]]></system-err>
</testsuite>
